<?xml version="1.0" encoding="UTF-8"?>
<!-- Generated by org.testng.reporters.JUnitXMLReporter -->
<testsuite hostname="CAVDI2GP300066" ignored="0" name="ExecuteOps" tests="1" failures="1" timestamp="22 Mar 2021 14:32:16 GMT" time="131.104" errors="0">
  <testcase name="execute" time="123.219" classname="testNGClasses.ExecuteOps">
    <failure type="org.openqa.selenium.NoSuchFrameException" message="No frame element found by name or id createListFrame
Build info: version: &amp;apos;3.141.5&amp;apos;, revision: &amp;apos;d54ebd709a&amp;apos;, time: &amp;apos;2018-11-06T11:42:16&amp;apos;
System info: host: &amp;apos;CAVDI2GP300066&amp;apos;, ip: &amp;apos;10.60.56.192&amp;apos;, os.name: &amp;apos;Windows 10&amp;apos;, os.arch: &amp;apos;amd64&amp;apos;, os.version: &amp;apos;10.0&amp;apos;, java.version: &amp;apos;1.8.0_202&amp;apos;
Driver info: driver.version: unknown">
      <![CDATA[org.openqa.selenium.NoSuchFrameException: No frame element found by name or id createListFrame
Build info: version: '3.141.5', revision: 'd54ebd709a', time: '2018-11-06T11:42:16'
System info: host: 'CAVDI2GP300066', ip: '10.60.56.192', os.name: 'Windows 10', os.arch: 'amd64', os.version: '10.0', java.version: '1.8.0_202'
Driver info: driver.version: unknown
at org.openqa.selenium.remote.RemoteWebDriver$RemoteTargetLocator.frame(RemoteWebDriver.java:885)
at pages.ReusableComponents.createList(ReusableComponents.java:33)
at testNGClasses.ExecuteOps.execute(ExecuteOps.java:29)
at testBase.BaseClass.runTestNGSuite(BaseClass.java:279)
at testBase.BaseClass.testSuiteExecutionFlow(BaseClass.java:323)
at executionFlow.TestFlow.main(TestFlow.java:10)
... Removed 22 stack frames]]>
    </failure>
  </testcase> <!-- execute -->
</testsuite> <!-- ExecuteOps -->
